
> digiqo-site@0.0.0 dev
> vite


  VITE v5.4.19  ready in 203 ms

  ➜  Local:   http://localhost:5173/
  ➜  Network: use --host to expose
10:03:35 PM [vite] Pre-transform error: /var/www/Digiqo/digiqo-site/src/App.tsx: Unexpected token (345:36)

  343 |         <VideoSection />
  344 |       </div>
> 345 |       {/* <TestimonialsSection /> */}
      |                                     ^
  346 |     </div>
  347 |   )
  348 | }
10:03:41 PM [vite] Internal server error: /var/www/Digiqo/digiqo-site/src/App.tsx: Unexpected token (345:36)

  343 |         <VideoSection />
  344 |       </div>
> 345 |       {/* <TestimonialsSection /> */}
      |                                     ^
  346 |     </div>
  347 |   )
  348 | }
  Plugin: vite:react-babel
  File: /var/www/Digiqo/digiqo-site/src/App.tsx:345:36
  343|          <VideoSection />
  344|        </div>
  345|        {/* <TestimonialsSection /> */}
     |                                      ^
  346|      </div>
  347|    )
      at constructor (/var/www/Digiqo/digiqo-site/node_modules/@babel/parser/lib/index.js:367:19)
      at TypeScriptParserMixin.raise (/var/www/Digiqo/digiqo-site/node_modules/@babel/parser/lib/index.js:6627:19)
      at TypeScriptParserMixin.unexpected (/var/www/Digiqo/digiqo-site/node_modules/@babel/parser/lib/index.js:6647:16)
      at TypeScriptParserMixin.parseExprAtom (/var/www/Digiqo/digiqo-site/node_modules/@babel/parser/lib/index.js:11442:16)
      at TypeScriptParserMixin.parseExprAtom (/var/www/Digiqo/digiqo-site/node_modules/@babel/parser/lib/index.js:4794:20)
      at TypeScriptParserMixin.parseExprSubscripts (/var/www/Digiqo/digiqo-site/node_modules/@babel/parser/lib/index.js:11076:23)
      at TypeScriptParserMixin.parseUpdate (/var/www/Digiqo/digiqo-site/node_modules/@babel/parser/lib/index.js:11061:21)
      at TypeScriptParserMixin.parseMaybeUnary (/var/www/Digiqo/digiqo-site/node_modules/@babel/parser/lib/index.js:11041:23)
      at TypeScriptParserMixin.parseMaybeUnary (/var/www/Digiqo/digiqo-site/node_modules/@babel/parser/lib/index.js:9852:18)
      at TypeScriptParserMixin.parseMaybeUnaryOrPrivate (/var/www/Digiqo/digiqo-site/node_modules/@babel/parser/lib/index.js:10894:61)
      at TypeScriptParserMixin.parseExprOps (/var/www/Digiqo/digiqo-site/node_modules/@babel/parser/lib/index.js:10899:23)
      at TypeScriptParserMixin.parseMaybeConditional (/var/www/Digiqo/digiqo-site/node_modules/@babel/parser/lib/index.js:10876:23)
      at TypeScriptParserMixin.parseMaybeAssign (/var/www/Digiqo/digiqo-site/node_modules/@babel/parser/lib/index.js:10826:21)
      at TypeScriptParserMixin.parseMaybeAssign (/var/www/Digiqo/digiqo-site/node_modules/@babel/parser/lib/index.js:9801:20)
      at TypeScriptParserMixin.parseExpressionBase (/var/www/Digiqo/digiqo-site/node_modules/@babel/parser/lib/index.js:10779:23)
      at /var/www/Digiqo/digiqo-site/node_modules/@babel/parser/lib/index.js:10775:39
      at TypeScriptParserMixin.allowInAnd (/var/www/Digiqo/digiqo-site/node_modules/@babel/parser/lib/index.js:12422:16)
      at TypeScriptParserMixin.parseExpression (/var/www/Digiqo/digiqo-site/node_modules/@babel/parser/lib/index.js:10775:17)
      at TypeScriptParserMixin.parseStatementContent (/var/www/Digiqo/digiqo-site/node_modules/@babel/parser/lib/index.js:12895:23)
      at TypeScriptParserMixin.parseStatementContent (/var/www/Digiqo/digiqo-site/node_modules/@babel/parser/lib/index.js:9527:18)
      at TypeScriptParserMixin.parseStatementLike (/var/www/Digiqo/digiqo-site/node_modules/@babel/parser/lib/index.js:12767:17)
      at TypeScriptParserMixin.parseModuleItem (/var/www/Digiqo/digiqo-site/node_modules/@babel/parser/lib/index.js:12744:17)
      at TypeScriptParserMixin.parseBlockOrModuleBlockBody (/var/www/Digiqo/digiqo-site/node_modules/@babel/parser/lib/index.js:13316:36)
      at TypeScriptParserMixin.parseBlockBody (/var/www/Digiqo/digiqo-site/node_modules/@babel/parser/lib/index.js:13309:10)
      at TypeScriptParserMixin.parseProgram (/var/www/Digiqo/digiqo-site/node_modules/@babel/parser/lib/index.js:12625:10)
      at TypeScriptParserMixin.parseTopLevel (/var/www/Digiqo/digiqo-site/node_modules/@babel/parser/lib/index.js:12615:25)
      at TypeScriptParserMixin.parse (/var/www/Digiqo/digiqo-site/node_modules/@babel/parser/lib/index.js:14492:10)
      at TypeScriptParserMixin.parse (/var/www/Digiqo/digiqo-site/node_modules/@babel/parser/lib/index.js:10144:18)
      at parse (/var/www/Digiqo/digiqo-site/node_modules/@babel/parser/lib/index.js:14526:38)
      at parser (/var/www/Digiqo/digiqo-site/node_modules/@babel/core/lib/parser/index.js:41:34)
      at parser.next (<anonymous>)
      at normalizeFile (/var/www/Digiqo/digiqo-site/node_modules/@babel/core/lib/transformation/normalize-file.js:64:37)
      at normalizeFile.next (<anonymous>)
      at run (/var/www/Digiqo/digiqo-site/node_modules/@babel/core/lib/transformation/index.js:22:50)
      at run.next (<anonymous>)
      at transform (/var/www/Digiqo/digiqo-site/node_modules/@babel/core/lib/transform.js:22:33)
      at transform.next (<anonymous>)
      at step (/var/www/Digiqo/digiqo-site/node_modules/gensync/index.js:261:32)
      at /var/www/Digiqo/digiqo-site/node_modules/gensync/index.js:273:13
      at async.call.result.err.err (/var/www/Digiqo/digiqo-site/node_modules/gensync/index.js:223:11)
      at /var/www/Digiqo/digiqo-site/node_modules/gensync/index.js:189:28
      at /var/www/Digiqo/digiqo-site/node_modules/@babel/core/lib/gensync-utils/async.js:67:7
      at /var/www/Digiqo/digiqo-site/node_modules/gensync/index.js:113:33
      at step (/var/www/Digiqo/digiqo-site/node_modules/gensync/index.js:287:14)
      at /var/www/Digiqo/digiqo-site/node_modules/gensync/index.js:273:13
      at async.call.result.err.err (/var/www/Digiqo/digiqo-site/node_modules/gensync/index.js:223:11)
10:06:28 PM [vite] hmr update /src/App.tsx, /src/index.css
10:06:41 PM [vite] hmr update /src/App.tsx, /src/index.css
10:07:56 PM [vite] hmr update /src/App.tsx, /src/index.css
10:08:27 PM [vite] hmr update /src/App.tsx, /src/index.css
10:08:34 PM [vite] hmr update /src/App.tsx, /src/index.css
10:08:50 PM [vite] hmr update /src/index.css, /src/App.tsx
10:13:46 PM [vite] hmr update /src/components/TestimonialsSection/TestimonialsSection.tsx, /src/index.css
10:15:25 PM [vite] hmr update /src/components/TestimonialsSection/TestimonialsSection.tsx, /src/index.css
10:35:53 PM [vite] hmr update /src/App.tsx, /src/index.css
10:36:00 PM [vite] hmr update /src/App.tsx, /src/index.css
10:36:13 PM [vite] ✨ new dependencies optimized: @react-three/fiber, @react-three/drei
10:36:13 PM [vite] ✨ optimized dependencies changed. reloading
10:38:00 PM [vite] hmr update /src/components/ServicesSection/ServicesSection.tsx, /src/index.css
10:38:09 PM [vite] hmr update /src/components/ServicesSection/ServicesSection.tsx, /src/index.css
10:38:21 PM [vite] hmr update /src/components/ServicesSection/ServicesSection.tsx, /src/index.css
10:39:05 PM [vite] hmr update /src/components/ServicesSection/ServicesSection.tsx, /src/index.css
10:41:59 PM [vite] hmr update /src/components/ServicesSection/ServicesSection.tsx, /src/index.css
10:42:46 PM [vite] hmr update /src/components/ServicesSection/ServicesSection.tsx, /src/index.css
10:42:59 PM [vite] hmr update /src/components/ServicesSection/ServicesSection.tsx, /src/index.css
10:43:25 PM [vite] hmr update /src/components/ServicesSection/ServicesSection.tsx, /src/index.css
10:48:03 PM [vite] hmr update /src/components/ServicesSection/ServicesSection.tsx, /src/index.css
10:48:17 PM [vite] hmr update /src/components/ServicesSection/ServicesSection.tsx, /src/index.css
10:49:01 PM [vite] hmr update /src/components/ServicesSection/ServicesSection.tsx, /src/index.css
10:53:49 PM [vite] hmr update /src/components/ServicesSection/ServicesSection.tsx, /src/index.css
11:04:53 PM [vite] hmr update /src/components/ServicesSection/ServicesSection.tsx, /src/index.css
11:05:41 PM [vite] hmr update /src/components/ServicesSection/ServicesSection.tsx, /src/index.css
11:05:42 PM [vite] Internal server error: Failed to resolve import "../IconCloud" from "src/components/ServicesSection/ServicesSection.tsx". Does the file exist?
  Plugin: vite:import-analysis
  File: /var/www/Digiqo/digiqo-site/src/components/ServicesSection/ServicesSection.tsx:13:26
  28 |    FileSearch
  29 |  } from "lucide-react";
  30 |  import { IconCloud } from "../IconCloud";
     |                             ^
  31 |  const services = [
  32 |    {
      at TransformPluginContext._formatError (file:///var/www/Digiqo/digiqo-site/node_modules/vite/dist/node/chunks/dep-C6uTJdX2.js:49258:41)
      at TransformPluginContext.error (file:///var/www/Digiqo/digiqo-site/node_modules/vite/dist/node/chunks/dep-C6uTJdX2.js:49253:16)
      at normalizeUrl (file:///var/www/Digiqo/digiqo-site/node_modules/vite/dist/node/chunks/dep-C6uTJdX2.js:64291:23)
      at process.processTicksAndRejections (node:internal/process/task_queues:105:5)
      at async file:///var/www/Digiqo/digiqo-site/node_modules/vite/dist/node/chunks/dep-C6uTJdX2.js:64423:39
      at async Promise.all (index 6)
      at async TransformPluginContext.transform (file:///var/www/Digiqo/digiqo-site/node_modules/vite/dist/node/chunks/dep-C6uTJdX2.js:64350:7)
      at async PluginContainer.transform (file:///var/www/Digiqo/digiqo-site/node_modules/vite/dist/node/chunks/dep-C6uTJdX2.js:49099:18)
      at async loadAndTransform (file:///var/www/Digiqo/digiqo-site/node_modules/vite/dist/node/chunks/dep-C6uTJdX2.js:51977:27)
      at async viteTransformMiddleware (file:///var/www/Digiqo/digiqo-site/node_modules/vite/dist/node/chunks/dep-C6uTJdX2.js:62105:24)
11:05:43 PM [vite] Internal server error: Failed to resolve import "../IconCloud" from "src/components/ServicesSection/ServicesSection.tsx". Does the file exist?
  Plugin: vite:import-analysis
  File: /var/www/Digiqo/digiqo-site/src/components/ServicesSection/ServicesSection.tsx:13:26
  28 |    FileSearch
  29 |  } from "lucide-react";
  30 |  import { IconCloud } from "../IconCloud";
     |                             ^
  31 |  const services = [
  32 |    {
      at TransformPluginContext._formatError (file:///var/www/Digiqo/digiqo-site/node_modules/vite/dist/node/chunks/dep-C6uTJdX2.js:49258:41)
      at TransformPluginContext.error (file:///var/www/Digiqo/digiqo-site/node_modules/vite/dist/node/chunks/dep-C6uTJdX2.js:49253:16)
      at normalizeUrl (file:///var/www/Digiqo/digiqo-site/node_modules/vite/dist/node/chunks/dep-C6uTJdX2.js:64291:23)
      at process.processTicksAndRejections (node:internal/process/task_queues:105:5)
      at async file:///var/www/Digiqo/digiqo-site/node_modules/vite/dist/node/chunks/dep-C6uTJdX2.js:64423:39
      at async Promise.all (index 6)
      at async TransformPluginContext.transform (file:///var/www/Digiqo/digiqo-site/node_modules/vite/dist/node/chunks/dep-C6uTJdX2.js:64350:7)
      at async PluginContainer.transform (file:///var/www/Digiqo/digiqo-site/node_modules/vite/dist/node/chunks/dep-C6uTJdX2.js:49099:18)
      at async loadAndTransform (file:///var/www/Digiqo/digiqo-site/node_modules/vite/dist/node/chunks/dep-C6uTJdX2.js:51977:27)
      at async viteTransformMiddleware (file:///var/www/Digiqo/digiqo-site/node_modules/vite/dist/node/chunks/dep-C6uTJdX2.js:62105:24)
11:05:43 PM [vite] Internal server error: Failed to resolve import "../IconCloud" from "src/components/ServicesSection/ServicesSection.tsx". Does the file exist?
  Plugin: vite:import-analysis
  File: /var/www/Digiqo/digiqo-site/src/components/ServicesSection/ServicesSection.tsx:13:26
  28 |    FileSearch
  29 |  } from "lucide-react";
  30 |  import { IconCloud } from "../IconCloud";
     |                             ^
  31 |  const services = [
  32 |    {
      at TransformPluginContext._formatError (file:///var/www/Digiqo/digiqo-site/node_modules/vite/dist/node/chunks/dep-C6uTJdX2.js:49258:41)
      at TransformPluginContext.error (file:///var/www/Digiqo/digiqo-site/node_modules/vite/dist/node/chunks/dep-C6uTJdX2.js:49253:16)
      at normalizeUrl (file:///var/www/Digiqo/digiqo-site/node_modules/vite/dist/node/chunks/dep-C6uTJdX2.js:64291:23)
      at process.processTicksAndRejections (node:internal/process/task_queues:105:5)
      at async file:///var/www/Digiqo/digiqo-site/node_modules/vite/dist/node/chunks/dep-C6uTJdX2.js:64423:39
      at async Promise.all (index 6)
      at async TransformPluginContext.transform (file:///var/www/Digiqo/digiqo-site/node_modules/vite/dist/node/chunks/dep-C6uTJdX2.js:64350:7)
      at async PluginContainer.transform (file:///var/www/Digiqo/digiqo-site/node_modules/vite/dist/node/chunks/dep-C6uTJdX2.js:49099:18)
      at async loadAndTransform (file:///var/www/Digiqo/digiqo-site/node_modules/vite/dist/node/chunks/dep-C6uTJdX2.js:51977:27)
      at async viteTransformMiddleware (file:///var/www/Digiqo/digiqo-site/node_modules/vite/dist/node/chunks/dep-C6uTJdX2.js:62105:24)
11:05:50 PM [vite] hmr update /src/index.css, /src/App.tsx
11:06:03 PM [vite] ✨ new dependencies optimized: react-icons/fa, react-icons/si
11:06:03 PM [vite] ✨ optimized dependencies changed. reloading
4:29:06 AM [vite] hmr update /src/components/ServicesSection/ServicesSection.tsx, /src/index.css
4:29:50 AM [vite] hmr update /src/components/ServicesSection/ServicesSection.tsx, /src/index.css
4:30:27 AM [vite] hmr update /src/components/ServicesSection/ServicesSection.tsx, /src/index.css
4:30:39 AM [vite] hmr update /src/components/ServicesSection/ServicesSection.tsx, /src/index.css
4:30:49 AM [vite] hmr update /src/components/ServicesSection/ServicesSection.tsx, /src/index.css
4:31:08 AM [vite] hmr update /src/components/ServicesSection/ServiceConnections.tsx, /src/index.css
4:31:25 AM [vite] hmr update /src/components/ServicesSection/ServiceConnections.tsx, /src/index.css
4:31:38 AM [vite] hmr update /src/components/ServicesSection/ServiceConnections.tsx, /src/index.css
4:31:49 AM [vite] hmr update /src/components/ServicesSection/ServiceConnections.tsx, /src/index.css
4:32:17 AM [vite] hmr update /src/components/ServicesSection/ServiceConnections.tsx, /src/index.css
4:33:54 AM [vite] hmr update /src/components/ServicesSection/ServiceConnections.tsx, /src/index.css
4:35:13 AM [vite] hmr update /src/components/ServicesSection/ServicesSection.tsx, /src/index.css
4:35:19 AM [vite] hmr update /src/components/ServicesSection/ServicesSection.tsx, /src/index.css
4:35:35 AM [vite] hmr update /src/components/ServicesSection/ServicesSection.tsx, /src/index.css
4:35:41 AM [vite] hmr update /src/components/ServicesSection/ServicesSection.tsx, /src/index.css
4:38:25 AM [vite] hmr update /src/components/Header/Header.tsx, /src/index.css
4:38:40 AM [vite] hmr update /src/components/Header/Header.tsx, /src/index.css
4:39:16 AM [vite] page reload index.html
4:41:10 AM [vite] hmr update /src/components/Header/Header.tsx, /src/index.css
4:41:21 AM [vite] hmr update /src/components/Header/Header.tsx, /src/index.css
4:41:36 AM [vite] page reload index.html
4:42:07 AM [vite] hmr update /src/components/icons/LogoDigiqo.tsx, /src/index.css
4:44:44 AM [vite] hmr update /src/components/Header/Header.tsx, /src/index.css
4:44:56 AM [vite] page reload index.html
4:46:14 AM [vite] page reload index.html
4:46:48 AM [vite] hmr update /src/components/Header/Header.tsx, /src/index.css
4:47:00 AM [vite] hmr update /src/components/Header/Header.tsx, /src/index.css
4:49:28 AM [vite] hmr update /src/App.tsx, /src/index.css
4:49:43 AM [vite] hmr update /src/components/Header/Header.tsx, /src/index.css
4:49:50 AM [vite] hmr update /src/components/Header/Header.tsx, /src/index.css
4:49:57 AM [vite] hmr update /src/components/Header/Header.tsx, /src/index.css
4:50:06 AM [vite] hmr update /src/components/Header/Header.tsx, /src/index.css
4:50:25 AM [vite] hmr update /src/components/HeroParallax/HeroParallax.tsx, /src/index.css
4:50:42 AM [vite] hmr update /src/components/Header/Header.tsx, /src/index.css
4:50:48 AM [vite] hmr update /src/components/Header/Header.tsx, /src/index.css
4:51:04 AM [vite] hmr update /src/App.tsx, /src/index.css
